\BOOKMARK [1][-]{section.1}{Programme Specification}{}% 1
\BOOKMARK [2][-]{subsection.1.1}{Project Requirements}{section.1}% 2
\BOOKMARK [2][-]{subsection.1.2}{Extra Features}{section.1}% 3
\BOOKMARK [1][-]{section.2}{User Manual}{}% 4
\BOOKMARK [2][-]{subsection.2.1}{Prerequisites}{section.2}% 5
\BOOKMARK [3][-]{subsubsection.2.1.1}{Java}{subsection.2.1}% 6
\BOOKMARK [3][-]{subsubsection.2.1.2}{Python}{subsection.2.1}% 7
\BOOKMARK [3][-]{subsubsection.2.1.3}{SoftImage}{subsection.2.1}% 8
\BOOKMARK [3][-]{subsubsection.2.1.4}{Gear}{subsection.2.1}% 9
\BOOKMARK [2][-]{subsection.2.2}{Installing PlainsWalker}{section.2}% 10
\BOOKMARK [3][-]{subsubsection.2.2.1}{Running From Command Line/Terminal}{subsection.2.2}% 11
\BOOKMARK [3][-]{subsubsection.2.2.2}{Using the Batch File}{subsection.2.2}% 12
\BOOKMARK [2][-]{subsection.2.3}{Requirements for a Simulation}{section.2}% 13
\BOOKMARK [2][-]{subsection.2.4}{Starting a Simulation}{section.2}% 14
\BOOKMARK [3][-]{subsubsection.2.4.1}{New Simulation}{subsection.2.4}% 15
\BOOKMARK [3][-]{subsubsection.2.4.2}{Saving a Simulation}{subsection.2.4}% 16
\BOOKMARK [3][-]{subsubsection.2.4.3}{Loading a Saved Simulation}{subsection.2.4}% 17
\BOOKMARK [2][-]{subsection.2.5}{Adding Herd Animals, Predators and Waypoints}{section.2}% 18
\BOOKMARK [3][-]{subsubsection.2.5.1}{Modes}{subsection.2.5}% 19
\BOOKMARK [3][-]{subsubsection.2.5.2}{Groups}{subsection.2.5}% 20
\BOOKMARK [3][-]{subsubsection.2.5.3}{Placing}{subsection.2.5}% 21
\BOOKMARK [2][-]{subsection.2.6}{Running the Simulation}{section.2}% 22
\BOOKMARK [2][-]{subsection.2.7}{Exporting to SoftImage}{section.2}% 23
\BOOKMARK [1][-]{section.3}{Conceptual Overview of PlainsWalker}{}% 24
\BOOKMARK [1][-]{section.4}{Programme Design}{}% 25
\BOOKMARK [1][-]{section.5}{Validation and Verification}{}% 26
\BOOKMARK [1][-]{section.6}{Discussion of the Results}{}% 27
\BOOKMARK [2][-]{subsection.6.1}{Areas for Improvement}{section.6}% 28
\BOOKMARK [3][-]{subsubsection.6.1.1}{Efficiency}{subsection.6.1}% 29
\BOOKMARK [3][-]{subsubsection.6.1.2}{Functionality}{subsection.6.1}% 30
\BOOKMARK [3][-]{subsubsection.6.1.3}{Usability}{subsection.6.1}% 31
\BOOKMARK [3][-]{subsubsection.6.1.4}{Linking}{subsection.6.1}% 32
\BOOKMARK [1][-]{section.7}{Conclusion}{}% 33
